<?xml version="1.0" encoding="UTF-8"?>
<!-- Generated by org.testng.reporters.JUnitXMLReporter -->
<testsuite hostname="IE1FLT6Y3G5Y2" ignored="1" name="Test" tests="3" failures="0" timestamp="2022-03-19T10:09:29 IST" time="51.476" errors="0">
  <testcase name="ExternalDatatest" time="11.325" classname="testcases.LoginTest"/>
  <testcase name="Loginfailuretest" time="11.617" classname="testcases.LoginTest"/>
  <testcase name="ParameterizedTest" time="11.042" classname="testcases.LoginTest"/>
  <testcase name="LoginSuccesstest" time="0.0" classname="testcases.LoginTest">
    <ignored/>
  </testcase> <!-- LoginSuccesstest -->
</testsuite> <!-- Test -->
