<?xml version="1.0" encoding="UTF-8"?>
<!-- Generated by org.testng.reporters.JUnitXMLReporter -->
<testsuite hostname="IE1FLT6Y3G5Y2" ignored="1" name="Test" tests="3" failures="0" timestamp="2022-03-19T09:48:00 IST" time="46.114" errors="0">
  <testcase name="ExternalDatatest" time="9.923" classname="testcases.LoginTest"/>
  <testcase name="Loginfailuretest" time="9.566" classname="testcases.LoginTest"/>
  <testcase name="ParameterizedTest" time="9.986" classname="testcases.LoginTest"/>
  <testcase name="LoginSuccesstest" time="0.0" classname="testcases.LoginTest">
    <ignored/>
  </testcase> <!-- LoginSuccesstest -->
</testsuite> <!-- Test -->
