<?xml version="1.0" encoding="UTF-8"?>
<!-- Generated by org.testng.reporters.JUnitXMLReporter -->
<testsuite hostname="IE1FLT6Y3G5Y2" ignored="1" name="Test" tests="3" failures="0" timestamp="2022-03-19T10:12:42 IST" time="56.91" errors="0">
  <testcase name="LoginSuccesstest" time="11.662" classname="testcases.LoginTest"/>
  <testcase name="Loginfailuretest" time="10.755" classname="testcases.LoginTest"/>
  <testcase name="ParameterizedTest" time="12.243" classname="testcases.LoginTest"/>
  <testcase name="ExternalDatatest" time="0.0" classname="testcases.LoginTest">
    <ignored/>
  </testcase> <!-- ExternalDatatest -->
</testsuite> <!-- Test -->
