<?xml version="1.0" encoding="UTF-8"?>
<testng-results skipped="0" failed="0" ignored="1" total="4" passed="3">
  <reporter-output>
  </reporter-output>
  <suite name="Suite" duration-ms="46114" started-at="2022-03-19T09:47:14 IST" finished-at="2022-03-19T09:48:00 IST">
    <groups>
    </groups>
    <test name="Test" duration-ms="46114" started-at="2022-03-19T09:47:14 IST" finished-at="2022-03-19T09:48:00 IST">
      <class name="testcases.LoginTest">
        <test-method status="PASS" signature="datasetup()[pri:0, instance:testcases.LoginTest@704a52ec]" name="datasetup" is-config="true" duration-ms="1128" started-at="2022-03-19T09:47:14 IST" finished-at="2022-03-19T09:47:15 IST">
          <reporter-output>
          </reporter-output>
        </test-method> <!-- datasetup -->
        <test-method status="PASS" signature="setup(java.lang.reflect.Method)[pri:0, instance:testcases.LoginTest@704a52ec]" name="setup" is-config="true" duration-ms="5001" started-at="2022-03-19T09:47:15 IST" finished-at="2022-03-19T09:47:20 IST">
          <params>
            <param index="0">
              <value>
                <![CDATA[public void testcases.LoginTest.ExternalDatatest()]]>
              </value>
            </param>
          </params>
          <reporter-output>
          </reporter-output>
        </test-method> <!-- setup -->
        <test-method status="PASS" signature="ExternalDatatest()[pri:0, instance:testcases.LoginTest@704a52ec]" name="ExternalDatatest" duration-ms="9923" started-at="2022-03-19T09:47:20 IST" finished-at="2022-03-19T09:47:30 IST">
          <reporter-output>
          </reporter-output>
        </test-method> <!-- ExternalDatatest -->
        <test-method status="PASS" signature="teardown()[pri:0, instance:testcases.LoginTest@704a52ec]" name="teardown" is-config="true" duration-ms="784" started-at="2022-03-19T09:47:30 IST" finished-at="2022-03-19T09:47:30 IST">
          <reporter-output>
          </reporter-output>
        </test-method> <!-- teardown -->
        <test-method status="PASS" signature="setup(java.lang.reflect.Method)[pri:0, instance:testcases.LoginTest@704a52ec]" name="setup" is-config="true" duration-ms="3973" started-at="2022-03-19T09:47:30 IST" finished-at="2022-03-19T09:47:34 IST">
          <params>
            <param index="0">
              <value>
                <![CDATA[public void testcases.LoginTest.Loginfailuretest()]]>
              </value>
            </param>
          </params>
          <reporter-output>
          </reporter-output>
        </test-method> <!-- setup -->
        <test-method status="PASS" signature="Loginfailuretest()[pri:0, instance:testcases.LoginTest@704a52ec]" name="Loginfailuretest" duration-ms="9566" started-at="2022-03-19T09:47:34 IST" finished-at="2022-03-19T09:47:44 IST">
          <reporter-output>
          </reporter-output>
        </test-method> <!-- Loginfailuretest -->
        <test-method status="PASS" signature="teardown()[pri:0, instance:testcases.LoginTest@704a52ec]" name="teardown" is-config="true" duration-ms="787" started-at="2022-03-19T09:47:44 IST" finished-at="2022-03-19T09:47:45 IST">
          <reporter-output>
          </reporter-output>
        </test-method> <!-- teardown -->
        <test-method status="PASS" signature="setup(java.lang.reflect.Method)[pri:0, instance:testcases.LoginTest@704a52ec]" name="setup" is-config="true" duration-ms="3756" started-at="2022-03-19T09:47:45 IST" finished-at="2022-03-19T09:47:49 IST">
          <params>
            <param index="0">
              <value>
                <![CDATA[public void testcases.LoginTest.ParameterizedTest(java.lang.String,java.lang.String)]]>
              </value>
            </param>
          </params>
          <reporter-output>
          </reporter-output>
        </test-method> <!-- setup -->
        <test-method status="PASS" signature="ParameterizedTest(java.lang.String,java.lang.String)[pri:0, instance:testcases.LoginTest@704a52ec]" name="ParameterizedTest" duration-ms="9986" started-at="2022-03-19T09:47:49 IST" finished-at="2022-03-19T09:47:59 IST">
          <params>
            <param index="0">
              <value>
                <![CDATA[naglakshmij@gmail.com]]>
              </value>
            </param>
            <param index="1">
              <value>
                <![CDATA[Honeywell@123]]>
              </value>
            </param>
          </params>
          <reporter-output>
          </reporter-output>
        </test-method> <!-- ParameterizedTest -->
        <test-method status="PASS" signature="teardown()[pri:0, instance:testcases.LoginTest@704a52ec]" name="teardown" is-config="true" duration-ms="800" started-at="2022-03-19T09:47:59 IST" finished-at="2022-03-19T09:47:59 IST">
          <reporter-output>
          </reporter-output>
        </test-method> <!-- teardown -->
        <test-method status="PASS" signature="DataTearDown()[pri:0, instance:testcases.LoginTest@704a52ec]" name="DataTearDown" is-config="true" duration-ms="360" started-at="2022-03-19T09:47:59 IST" finished-at="2022-03-19T09:48:00 IST">
          <reporter-output>
          </reporter-output>
        </test-method> <!-- DataTearDown -->
      </class> <!-- testcases.LoginTest -->
    </test> <!-- Test -->
  </suite> <!-- Suite -->
</testng-results>
