<?xml version="1.0" encoding="UTF-8"?>
<testng-results skipped="0" failed="0" ignored="1" total="4" passed="3">
  <reporter-output>
  </reporter-output>
  <suite name="Suite" duration-ms="51476" started-at="2022-03-19T10:08:38 IST" finished-at="2022-03-19T10:09:29 IST">
    <groups>
    </groups>
    <test name="Test" duration-ms="51476" started-at="2022-03-19T10:08:38 IST" finished-at="2022-03-19T10:09:29 IST">
      <class name="testcases.LoginTest">
        <test-method status="PASS" signature="datasetup()[pri:0, instance:testcases.LoginTest@757942a1]" name="datasetup" is-config="true" duration-ms="1003" started-at="2022-03-19T10:08:38 IST" finished-at="2022-03-19T10:08:39 IST">
          <reporter-output>
          </reporter-output>
        </test-method> <!-- datasetup -->
        <test-method status="PASS" signature="setup(java.lang.reflect.Method)[pri:0, instance:testcases.LoginTest@757942a1]" name="setup" is-config="true" duration-ms="4979" started-at="2022-03-19T10:08:39 IST" finished-at="2022-03-19T10:08:44 IST">
          <params>
            <param index="0">
              <value>
                <![CDATA[public void testcases.LoginTest.ExternalDatatest()]]>
              </value>
            </param>
          </params>
          <reporter-output>
          </reporter-output>
        </test-method> <!-- setup -->
        <test-method status="PASS" signature="ExternalDatatest()[pri:0, instance:testcases.LoginTest@757942a1]" name="ExternalDatatest" duration-ms="11325" started-at="2022-03-19T10:08:44 IST" finished-at="2022-03-19T10:08:55 IST">
          <reporter-output>
          </reporter-output>
        </test-method> <!-- ExternalDatatest -->
        <test-method status="PASS" signature="teardown()[pri:0, instance:testcases.LoginTest@757942a1]" name="teardown" is-config="true" duration-ms="793" started-at="2022-03-19T10:08:55 IST" finished-at="2022-03-19T10:08:56 IST">
          <reporter-output>
          </reporter-output>
        </test-method> <!-- teardown -->
        <test-method status="PASS" signature="setup(java.lang.reflect.Method)[pri:0, instance:testcases.LoginTest@757942a1]" name="setup" is-config="true" duration-ms="4489" started-at="2022-03-19T10:08:56 IST" finished-at="2022-03-19T10:09:00 IST">
          <params>
            <param index="0">
              <value>
                <![CDATA[public void testcases.LoginTest.Loginfailuretest()]]>
              </value>
            </param>
          </params>
          <reporter-output>
          </reporter-output>
        </test-method> <!-- setup -->
        <test-method status="PASS" signature="Loginfailuretest()[pri:0, instance:testcases.LoginTest@757942a1]" name="Loginfailuretest" duration-ms="11617" started-at="2022-03-19T10:09:00 IST" finished-at="2022-03-19T10:09:12 IST">
          <reporter-output>
          </reporter-output>
        </test-method> <!-- Loginfailuretest -->
        <test-method status="PASS" signature="teardown()[pri:0, instance:testcases.LoginTest@757942a1]" name="teardown" is-config="true" duration-ms="890" started-at="2022-03-19T10:09:12 IST" finished-at="2022-03-19T10:09:13 IST">
          <reporter-output>
          </reporter-output>
        </test-method> <!-- teardown -->
        <test-method status="PASS" signature="setup(java.lang.reflect.Method)[pri:0, instance:testcases.LoginTest@757942a1]" name="setup" is-config="true" duration-ms="4010" started-at="2022-03-19T10:09:13 IST" finished-at="2022-03-19T10:09:17 IST">
          <params>
            <param index="0">
              <value>
                <![CDATA[public void testcases.LoginTest.ParameterizedTest(java.lang.String,java.lang.String)]]>
              </value>
            </param>
          </params>
          <reporter-output>
          </reporter-output>
        </test-method> <!-- setup -->
        <test-method status="PASS" signature="ParameterizedTest(java.lang.String,java.lang.String)[pri:0, instance:testcases.LoginTest@757942a1]" name="ParameterizedTest" duration-ms="11042" started-at="2022-03-19T10:09:17 IST" finished-at="2022-03-19T10:09:28 IST">
          <params>
            <param index="0">
              <value>
                <![CDATA[naglakshmij@gmail.com]]>
              </value>
            </param>
            <param index="1">
              <value>
                <![CDATA[Honeywell@123]]>
              </value>
            </param>
          </params>
          <reporter-output>
          </reporter-output>
        </test-method> <!-- ParameterizedTest -->
        <test-method status="PASS" signature="teardown()[pri:0, instance:testcases.LoginTest@757942a1]" name="teardown" is-config="true" duration-ms="930" started-at="2022-03-19T10:09:28 IST" finished-at="2022-03-19T10:09:29 IST">
          <reporter-output>
          </reporter-output>
        </test-method> <!-- teardown -->
        <test-method status="PASS" signature="DataTearDown()[pri:0, instance:testcases.LoginTest@757942a1]" name="DataTearDown" is-config="true" duration-ms="344" started-at="2022-03-19T10:09:29 IST" finished-at="2022-03-19T10:09:29 IST">
          <reporter-output>
          </reporter-output>
        </test-method> <!-- DataTearDown -->
      </class> <!-- testcases.LoginTest -->
    </test> <!-- Test -->
  </suite> <!-- Suite -->
</testng-results>
